<?xml version="1.0" encoding="UTF-8"?>
<!-- Generated by org.testng.reporters.JUnitReportReporter -->
<testsuite hostname="DESKTOP-5EG445V" failures="0" tests="2" name="testNG.TestClass" time="23.689" errors="0" timestamp="2023-10-12T19:25:06 IST" skipped="0">
  <testcase classname="testNG.TestClass" name="seconTest" time="15.826"/>
  <testcase classname="testNG.TestClass" name="firstTest" time="7.863"/>
</testsuite> <!-- testNG.TestClass -->
