<?xml version="1.0" encoding="UTF-8"?>
<!-- Generated by org.testng.reporters.JUnitReportReporter -->
<testsuite hostname="DESKTOP-5EG445V" failures="0" tests="1" name="testNG.ParallelExecutionInTestNG" time="17.867" errors="0" timestamp="2023-10-12T17:11:16 IST" skipped="0">
  <testcase classname="testNG.ParallelExecutionInTestNG" name="testCase4" time="17.867"/>
</testsuite> <!-- testNG.ParallelExecutionInTestNG -->
