<?xml version="1.0" encoding="UTF-8"?>
<!-- Generated by org.testng.reporters.JUnitReportReporter -->
<testsuite hostname="DESKTOP-5EG445V" failures="0" tests="1" name="testNG.SoftAssertTNG" time="0.026" errors="0" timestamp="2023-10-12T17:36:21 IST" skipped="0">
  <testcase classname="testNG.SoftAssertTNG" name="softAssert" time="0.026"/>
</testsuite> <!-- testNG.SoftAssertTNG -->
