<?xml version="1.0" encoding="UTF-8"?>
<!-- Generated by org.testng.reporters.JUnitReportReporter -->
<testsuite hostname="DESKTOP-5EG445V" failures="0" tests="4" name="testNG.ParallelExecutionOfTestCase" time="0.041" errors="0" timestamp="2023-10-12T16:42:51 IST" skipped="0">
  <testcase classname="testNG.ParallelExecutionOfTestCase" name="testCase1" time="0.010"/>
  <testcase classname="testNG.ParallelExecutionOfTestCase" name="testCase2" time="0.010"/>
  <testcase classname="testNG.ParallelExecutionOfTestCase" name="testCase4" time="0.010"/>
  <testcase classname="testNG.ParallelExecutionOfTestCase" name="testCase3" time="0.011"/>
</testsuite> <!-- testNG.ParallelExecutionOfTestCase -->
