<?xml version="1.0" encoding="UTF-8"?>
<!-- Generated by org.testng.reporters.JUnitReportReporter -->
<testsuite hostname="DESKTOP-5EG445V" failures="0" tests="1" name="testNG.ActualAnnotationExample" time="0.013" errors="0" timestamp="2023-10-12T10:33:37 IST" skipped="0">
  <testcase classname="testNG.ActualAnnotationExample" name="testCase" time="0.013"/>
</testsuite> <!-- testNG.ActualAnnotationExample -->
