<?xml version="1.0" encoding="UTF-8"?>
<!-- Generated by org.testng.reporters.JUnitReportReporter -->
<testsuite hostname="DESKTOP-5EG445V" failures="0" tests="6" name="testNG.ExecutionOrderInTestNg" time="0.014" errors="0" timestamp="2023-10-11T14:02:33 IST" skipped="0">
  <testcase classname="testNG.ExecutionOrderInTestNg" name="AC" time="0.001"/>
  <testcase classname="testNG.ExecutionOrderInTestNg" name="AE" time="0.002"/>
  <testcase classname="testNG.ExecutionOrderInTestNg" name="AB" time="0.008"/>
  <testcase classname="testNG.ExecutionOrderInTestNg" name="AQ" time="0.001"/>
  <testcase classname="testNG.ExecutionOrderInTestNg" name="ZA" time="0.001"/>
  <testcase classname="testNG.ExecutionOrderInTestNg" name="AD" time="0.001"/>
</testsuite> <!-- testNG.ExecutionOrderInTestNg -->
