<?xml version="1.0" encoding="UTF-8"?>
<!-- Generated by org.testng.reporters.JUnitReportReporter -->
<testsuite hostname="DESKTOP-5EG445V" failures="0" tests="1" name="testNG.AnnotationsInTestNg" time="0.010" errors="0" timestamp="2023-10-12T11:27:45 IST" skipped="0">
  <testcase classname="testNG.AnnotationsInTestNg" name="Test" time="0.010"/>
</testsuite> <!-- testNG.AnnotationsInTestNg -->
