<?xml version="1.0" encoding="UTF-8"?>
<!-- Generated by org.testng.reporters.JUnitReportReporter -->
<testsuite hostname="DESKTOP-5EG445V" failures="0" tests="2" name="testNG.ParallelClassExecution2" time="26.685" errors="0" timestamp="2023-10-12T17:04:06 IST" skipped="0">
  <testcase classname="testNG.ParallelClassExecution2" name="testCase4" time="15.500"/>
  <testcase classname="testNG.ParallelClassExecution2" name="testCase3" time="11.185"/>
</testsuite> <!-- testNG.ParallelClassExecution2 -->
