<?xml version="1.0" encoding="UTF-8"?>
<!-- Generated by org.testng.reporters.JUnitReportReporter -->
<testsuite hostname="DESKTOP-5EG445V" failures="0" tests="2" name="testNG.ParameterUseInTestNG" time="10.816" errors="0" timestamp="2023-10-12T15:58:12 IST" skipped="0">
  <testcase classname="testNG.ParameterUseInTestNG" name="launchBrowser" time="4.627"/>
  <testcase classname="testNG.ParameterUseInTestNG" name="launchURL" time="6.189"/>
</testsuite> <!-- testNG.ParameterUseInTestNG -->
