<?xml version="1.0" encoding="UTF-8"?>
<!-- Generated by org.testng.reporters.JUnitReportReporter -->
<testsuite hostname="DESKTOP-5EG445V" failures="0" tests="4" name="testNG.GroupingInTestNG" time="0.015" errors="0" timestamp="2023-10-12T12:56:45 IST" skipped="0">
  <testcase classname="testNG.GroupingInTestNG" name="login" time="0.011"/>
  <testcase classname="testNG.GroupingInTestNG" name="dashBoard" time="0.001"/>
  <testcase classname="testNG.GroupingInTestNG" name="profile" time="0.001"/>
  <testcase classname="testNG.GroupingInTestNG" name="logOut" time="0.002"/>
</testsuite> <!-- testNG.GroupingInTestNG -->
