<?xml version="1.0" encoding="UTF-8"?>
<!-- Generated by org.testng.reporters.JUnitReportReporter -->
<testsuite hostname="DESKTOP-5EG445V" failures="0" tests="2" name="testNG.ParallelClassExecution1" time="22.677" errors="0" timestamp="2023-10-12T17:04:06 IST" skipped="0">
  <testcase classname="testNG.ParallelClassExecution1" name="testCase1" time="11.922"/>
  <testcase classname="testNG.ParallelClassExecution1" name="testCase2" time="10.755"/>
</testsuite> <!-- testNG.ParallelClassExecution1 -->
