<?xml version="1.0" encoding="UTF-8"?>
<!-- Generated by org.testng.reporters.JUnitReportReporter -->
<testsuite hostname="DESKTOP-5EG445V" failures="0" tests="2" name="testNG.DependsOnMethods2" time="0.013" errors="0" timestamp="2023-10-12T12:35:30 IST" skipped="0">
  <testcase classname="testNG.DependsOnMethods2" name="checkBox" time="0.011"/>
  <testcase classname="testNG.DependsOnMethods2" name="myInfo" time="0.002"/>
</testsuite> <!-- testNG.DependsOnMethods2 -->
